<?xml version="1.0" encoding="UTF-8"?>
<!-- Generated by org.testng.reporters.JUnitXMLReporter -->
<testsuite ignored="0" hostname="LAPTOP-PH3UBOCH" failures="1" tests="1" name="Test" time="8.132" errors="0" timestamp="2021-07-04T12:11:51 IST">
  <testcase classname="testfiles.ShoppingTest" name="LoginTest2" time="0.848">
    <failure type="java.lang.NullPointerException">
      <![CDATA[java.lang.NullPointerException
at classfiles.HomePage.GotoCart(HomePage.java:97)
at testfiles.ShoppingTest.LoginTest2(ShoppingTest.java:27)
at java.base/java.util.ArrayList.forEach(ArrayList.java:1541)
... Removed 27 stack frames]]>
    </failure>
  </testcase> <!-- LoginTest2 -->
</testsuite> <!-- Test -->
